# JRE version: OpenJDK Runtime Environment Temurin-17.0.15+6 (17.0.15+6) (build 17.0.15+6)
# Java VM: OpenJDK 64-Bit Server VM Temurin-17.0.15+6 (17.0.15+6, mixed mode, sharing, tiered, compressed oops, compressed class ptrs, g1 gc, windows-amd64)
GC Precious Log:
 CPUs: 4 total, 4 available
 Memory: 7894M
 Large Page Support: Disabled
 NUMA Support: Disabled
 Compressed Oops: Enabled (32-bit)
 Heap Region Size: 1M
 Heap Min Capacity: 8M
 Heap Initial Capacity: 124M
 Heap Max Capacity: 2G
 Pre-touch: Disabled
 Parallel Workers: 4
 Concurrent Workers: 1
 Concurrent Refinement Workers: 4
 Periodic GC: Disabled
Heap:
 garbage-first heap   total 205824K, used 99404K [0x0000000080000000, 0x0000000100000000)
  region size 1024K, 10 young (10240K), 9 survivors (9216K)
 Metaspace       used 86683K, committed 87488K, reserved 557056K
  class space    used 12283K, committed 12672K, reserved 425984K
GC Heap History (20 events):
Event: 20.724 GC heap before
{Heap before GC invocations=35 (full 0):
 garbage-first heap   total 142336K, used 83101K [0x0000000080000000, 0x0000000100000000)
  region size 1024K, 6 young (6144K), 2 survivors (2048K)
 Metaspace       used 69413K, committed 70144K, reserved 491520K
  class space    used 9744K, committed 10048K, reserved 425984K
}
Event: 20.727 GC heap after
{Heap after GC invocations=36 (full 0):
 garbage-first heap   total 142336K, used 79489K [0x0000000080000000, 0x0000000100000000)
  region size 1024K, 1 young (1024K), 1 survivors (1024K)
 Metaspace       used 69413K, committed 70144K, reserved 491520K
  class space    used 9744K, committed 10048K, reserved 425984K
}
Event: 21.060 GC heap before
{Heap before GC invocations=36 (full 0):
 garbage-first heap   total 142336K, used 84609K [0x0000000080000000, 0x0000000100000000)
  region size 1024K, 7 young (7168K), 1 survivors (1024K)
 Metaspace       used 70682K, committed 71488K, reserved 491520K
  class space    used 9877K, committed 10240K, reserved 425984K
}
Event: 21.063 GC heap after
{Heap after GC invocations=37 (full 0):
 garbage-first heap   total 142336K, used 80753K [0x0000000080000000, 0x0000000100000000)
  region size 1024K, 2 young (2048K), 2 survivors (2048K)
 Metaspace       used 70682K, committed 71488K, reserved 491520K
  class space    used 9877K, committed 10240K, reserved 425984K
}
Event: 21.452 GC heap before
{Heap before GC invocations=38 (full 0):
 garbage-first heap   total 167936K, used 114545K [0x0000000080000000, 0x0000000100000000)
  region size 1024K, 29 young (29696K), 2 survivors (2048K)
 Metaspace       used 71804K, committed 72576K, reserved 491520K
  class space    used 10031K, committed 10368K, reserved 425984K
}
Event: 21.456 GC heap after
{Heap after GC invocations=39 (full 0):
 garbage-first heap   total 167936K, used 83330K [0x0000000080000000, 0x0000000100000000)
  region size 1024K, 4 young (4096K), 4 survivors (4096K)
 Metaspace       used 71804K, committed 72576K, reserved 491520K
  class space    used 10031K, committed 10368K, reserved 425984K
}
Event: 21.533 GC heap before
{Heap before GC invocations=39 (full 0):
 garbage-first heap   total 167936K, used 87426K [0x0000000080000000, 0x0000000100000000)
  region size 1024K, 8 young (8192K), 4 survivors (4096K)
 Metaspace       used 72093K, committed 72768K, reserved 491520K
  class space    used 10069K, committed 10368K, reserved 425984K
}
Event: 21.537 GC heap after
{Heap after GC invocations=40 (full 0):
 garbage-first heap   total 167936K, used 83445K [0x0000000080000000, 0x0000000100000000)
  region size 1024K, 1 young (1024K), 1 survivors (1024K)
 Metaspace       used 72093K, committed 72768K, reserved 491520K
  class space    used 10069K, committed 10368K, reserved 425984K
}
Event: 22.496 GC heap before
{Heap before GC invocations=40 (full 0):
 garbage-first heap   total 167936K, used 122357K [0x0000000080000000, 0x0000000100000000)
  region size 1024K, 39 young (39936K), 1 survivors (1024K)
 Metaspace       used 74894K, committed 75648K, reserved 491520K
  class space    used 10442K, committed 10816K, reserved 425984K
}
Event: 22.499 GC heap after
{Heap after GC invocations=41 (full 0):
 garbage-first heap   total 167936K, used 84977K [0x0000000080000000, 0x0000000100000000)
  region size 1024K, 3 young (3072K), 3 survivors (3072K)
 Metaspace       used 74894K, committed 75648K, reserved 491520K
  class space    used 10442K, committed 10816K, reserved 425984K
}
Event: 23.298 GC heap before
{Heap before GC invocations=42 (full 0):
 garbage-first heap   total 167936K, used 124913K [0x0000000080000000, 0x0000000100000000)
  region size 1024K, 42 young (43008K), 3 survivors (3072K)
 Metaspace       used 76974K, committed 77760K, reserved 557056K
  class space    used 10718K, committed 11072K, reserved 425984K
}
Event: 23.307 GC heap after
{Heap after GC invocations=43 (full 0):
 garbage-first heap   total 167936K, used 87407K [0x0000000080000000, 0x0000000100000000)
  region size 1024K, 5 young (5120K), 5 survivors (5120K)
 Metaspace       used 76974K, committed 77760K, reserved 557056K
  class space    used 10718K, committed 11072K, reserved 425984K
}
Event: 23.360 GC heap before
{Heap before GC invocations=43 (full 0):
 garbage-first heap   total 167936K, used 90479K [0x0000000080000000, 0x0000000100000000)
  region size 1024K, 8 young (8192K), 5 survivors (5120K)
 Metaspace       used 76974K, committed 77760K, reserved 557056K
  class space    used 10718K, committed 11072K, reserved 425984K
}
Event: 23.365 GC heap after
{Heap after GC invocations=44 (full 0):
 garbage-first heap   total 205824K, used 87821K [0x0000000080000000, 0x0000000100000000)
  region size 1024K, 1 young (1024K), 1 survivors (1024K)
 Metaspace       used 76974K, committed 77760K, reserved 557056K
  class space    used 10718K, committed 11072K, reserved 425984K
}
Event: 27.998 GC heap before
{Heap before GC invocations=44 (full 0):
 garbage-first heap   total 205824K, used 149261K [0x0000000080000000, 0x0000000100000000)
  region size 1024K, 61 young (62464K), 1 survivors (1024K)
 Metaspace       used 79049K, committed 79744K, reserved 557056K
  class space    used 11014K, committed 11328K, reserved 425984K
}
Event: 28.002 GC heap after
{Heap after GC invocations=45 (full 0):
 garbage-first heap   total 205824K, used 91035K [0x0000000080000000, 0x0000000100000000)
  region size 1024K, 4 young (4096K), 4 survivors (4096K)
 Metaspace       used 79049K, committed 79744K, reserved 557056K
  class space    used 11014K, committed 11328K, reserved 425984K
}
Event: 29.250 GC heap before
{Heap before GC invocations=45 (full 0):
 garbage-first heap   total 205824K, used 154523K [0x0000000080000000, 0x0000000100000000)
  region size 1024K, 66 young (67584K), 4 survivors (4096K)
 Metaspace       used 83380K, committed 84160K, reserved 557056K
  class space    used 11769K, committed 12096K, reserved 425984K
}
Event: 29.258 GC heap after
{Heap after GC invocations=46 (full 0):
 garbage-first heap   total 205824K, used 93174K [0x0000000080000000, 0x0000000100000000)
  region size 1024K, 6 young (6144K), 6 survivors (6144K)
 Metaspace       used 83380K, committed 84160K, reserved 557056K
  class space    used 11769K, committed 12096K, reserved 425984K
}
Event: 30.727 GC heap before
{Heap before GC invocations=46 (full 0):
 garbage-first heap   total 205824K, used 158710K [0x0000000080000000, 0x0000000100000000)
  region size 1024K, 70 young (71680K), 6 survivors (6144K)
 Metaspace       used 86680K, committed 87488K, reserved 557056K
  class space    used 12283K, committed 12672K, reserved 425984K
}
Event: 30.738 GC heap after
{Heap after GC invocations=47 (full 0):
 garbage-first heap   total 205824K, used 99404K [0x0000000080000000, 0x0000000100000000)
  region size 1024K, 9 young (9216K), 9 survivors (9216K)
 Metaspace       used 86680K, committed 87488K, reserved 557056K
  class space    used 12283K, committed 12672K, reserved 425984K
}

